2018-06-07 02:14:37 INFO  ApacheHttpClient.sendEvent(469) - responseCode = 200
2018-06-07 02:15:37 INFO  ApacheHttpClient.sendEvent(469) - responseCode = 200
2018-06-07 02:16:37 INFO  ApacheHttpClient.sendEvent(469) - responseCode = 200
2018-06-07 02:17:37 INFO  ApacheHttpClient.sendEvent(469) - responseCode = 200
2018-06-07 02:18:37 INFO  ApacheHttpClient.sendEvent(469) - responseCode = 200
2018-06-07 02:19:37 INFO  ApacheHttpClient.sendEvent(469) - responseCode = 200
2018-06-07 02:19:38 INFO  ApacheHttpClient.testConnection(187) - responseCode = 200
2018-06-07 02:19:38 INFO  ApacheHttpClient.testConnection(195) - result = true
2018-06-07 02:20:37 INFO  ApacheHttpClient.sendEvent(469) - responseCode = 200
2018-06-07 02:21:37 INFO  ApacheHttpClient.sendEvent(469) - responseCode = 200
2018-06-07 02:22:37 INFO  ApacheHttpClient.sendEvent(469) - responseCode = 200
2018-06-07 02:23:37 INFO  ApacheHttpClient.sendEvent(469) - responseCode = 200
2018-06-07 02:24:37 INFO  ApacheHttpClient.sendEvent(469) - responseCode = 200
2018-06-07 02:25:37 INFO  ApacheHttpClient.sendEvent(469) - responseCode = 200
2018-06-07 02:26:37 INFO  ApacheHttpClient.sendEvent(469) - responseCode = 200
2018-06-07 02:27:37 INFO  ApacheHttpClient.sendEvent(469) - responseCode = 200
2018-06-07 02:28:37 INFO  ApacheHttpClient.sendEvent(469) - responseCode = 200
2018-06-07 02:28:48 INFO  ApacheHttpClient.getWebResourceAsStream(436) - responseCode = 200
2018-06-07 02:28:48 INFO  ApacheHttpClient.getTask(421) - responseCode = 200
2018-06-07 02:28:48 INFO  ApacheHttpClient.getWebResourceAsStream(436) - responseCode = 200
2018-06-07 02:28:49 INFO  ApacheHttpClient.completed(27) - responseCode = 200
2018-06-07 02:29:37 INFO  ApacheHttpClient.sendEvent(469) - responseCode = 200
2018-06-07 02:30:37 INFO  ApacheHttpClient.sendEvent(469) - responseCode = 200
2018-06-07 02:31:37 INFO  ApacheHttpClient.sendEvent(469) - responseCode = 200
2018-06-07 02:32:37 INFO  ApacheHttpClient.sendEvent(469) - responseCode = 200
2018-06-07 02:33:37 INFO  ApacheHttpClient.sendEvent(469) - responseCode = 200
2018-06-07 02:33:42 INFO  ApacheHttpClient.getWebResourceAsStream(436) - responseCode = 200
2018-06-07 02:33:42 INFO  ApacheHttpClient.getTask(421) - responseCode = 200
2018-06-07 02:33:42 INFO  ApacheHttpClient.getWebResourceAsStream(436) - responseCode = 200
2018-06-07 02:33:43 INFO  ApacheHttpClient.completed(27) - responseCode = 200
2018-06-07 02:33:47 INFO  ApacheHttpClient.getWebResourceAsStream(436) - responseCode = 200
2018-06-07 02:33:47 WARN  JavaRushUtil.getCurrentTask(66) - Ошибка получения ключа задачи.
2018-06-07 02:33:47 INFO  ApacheHttpClient.getTask(421) - responseCode = 200
2018-06-07 02:34:37 INFO  ApacheHttpClient.sendEvent(469) - responseCode = 200
2018-06-07 02:35:37 INFO  ApacheHttpClient.sendEvent(469) - responseCode = 200
2018-06-07 02:36:37 INFO  ApacheHttpClient.sendEvent(469) - responseCode = 200
2018-06-07 02:37:37 INFO  ApacheHttpClient.sendEvent(469) - responseCode = 200
2018-06-07 02:38:37 INFO  ApacheHttpClient.sendEvent(469) - responseCode = 200
2018-06-07 02:39:37 INFO  ApacheHttpClient.sendEvent(469) - responseCode = 200
2018-06-07 02:40:37 INFO  ApacheHttpClient.sendEvent(469) - responseCode = 200
2018-06-07 02:41:08 INFO  ApacheHttpClient.getWebResourceAsStream(436) - responseCode = 200
2018-06-07 02:41:08 INFO  ApacheHttpClient.getTask(421) - responseCode = 200
2018-06-07 02:41:08 INFO  ApacheHttpClient.getWebResourceAsStream(436) - responseCode = 200
2018-06-07 02:41:09 INFO  ApacheHttpClient.completed(27) - responseCode = 200
2018-06-07 02:41:09 INFO  ApacheHttpClient.getTask(421) - responseCode = 200
2018-06-07 02:41:21 INFO  ApacheHttpClient.getWebResourceAsStream(436) - responseCode = 200
2018-06-07 02:41:22 INFO  ApacheHttpClient.resetTask(310) - responseCode = 200
2018-06-07 02:41:22 INFO  ApacheHttpClient.getTask(421) - responseCode = 200
2018-06-07 02:41:22 INFO  ApacheHttpClient.getTaskTemplateInfo(340) - responseCode = 200
2018-06-07 02:41:23 INFO  ApacheHttpClient.testConnection(187) - responseCode = 200
2018-06-07 02:41:23 INFO  ApacheHttpClient.testConnection(195) - result = true
2018-06-07 02:41:23 INFO  ApacheHttpClient.testConnection(187) - responseCode = 200
2018-06-07 02:41:23 INFO  ApacheHttpClient.testConnection(195) - result = true
2018-06-07 02:41:23 INFO  ApacheHttpClient.getWebResourceAsStream(436) - responseCode = 200
2018-06-07 02:41:34 INFO  ApacheHttpClient.getWebResourceAsStream(436) - responseCode = 200
2018-06-07 02:41:34 INFO  ApacheHttpClient.getTask(421) - responseCode = 200
2018-06-07 02:41:34 INFO  ApacheHttpClient.getWebResourceAsStream(436) - responseCode = 200
2018-06-07 02:41:34 INFO  ApacheHttpClient.completed(27) - responseCode = 400
2018-06-07 02:41:34 WARN  TaskCompleted.run(66) - Задача "Фабрика исключений" уже решена
2018-06-07 02:41:37 INFO  ApacheHttpClient.sendEvent(469) - responseCode = 200
2018-06-07 02:41:37 INFO  ApacheHttpClient.getWebResourceAsStream(436) - responseCode = 200
2018-06-07 02:41:37 INFO  ApacheHttpClient.getTask(421) - responseCode = 200
2018-06-07 02:41:38 INFO  ApacheHttpClient.getWebResourceAsStream(436) - responseCode = 200
2018-06-07 02:41:38 INFO  ApacheHttpClient.completed(27) - responseCode = 400
2018-06-07 02:41:38 WARN  TaskCompleted.run(66) - Задача "Фабрика исключений" уже решена
2018-06-07 02:41:41 INFO  ApacheHttpClient.getWebResourceAsStream(436) - responseCode = 200
2018-06-07 02:41:43 INFO  ApacheHttpClient.resetTask(310) - responseCode = 200
2018-06-07 02:41:43 INFO  ApacheHttpClient.getTask(421) - responseCode = 200
2018-06-07 02:41:43 INFO  ApacheHttpClient.getTaskTemplateInfo(340) - responseCode = 200
2018-06-07 02:41:43 INFO  ApacheHttpClient.testConnection(187) - responseCode = 200
2018-06-07 02:41:43 INFO  ApacheHttpClient.testConnection(195) - result = true
2018-06-07 02:41:44 INFO  ApacheHttpClient.testConnection(187) - responseCode = 200
2018-06-07 02:41:44 INFO  ApacheHttpClient.testConnection(195) - result = true
2018-06-07 02:41:44 INFO  ApacheHttpClient.getWebResourceAsStream(436) - responseCode = 200
2018-06-07 02:41:53 INFO  ApacheHttpClient.getWebResourceAsStream(436) - responseCode = 200
2018-06-07 02:41:53 INFO  ApacheHttpClient.getTask(421) - responseCode = 200
2018-06-07 02:41:53 INFO  ApacheHttpClient.getWebResourceAsStream(436) - responseCode = 200
2018-06-07 02:41:53 INFO  ApacheHttpClient.completed(27) - responseCode = 400
2018-06-07 02:41:53 WARN  TaskCompleted.run(66) - Задача "Фабрика исключений" уже решена
2018-06-07 02:42:06 INFO  ApacheHttpClient.getWebResourceAsStream(436) - responseCode = 200
2018-06-07 02:42:06 INFO  ApacheHttpClient.getFilteredTasks(323) - responseCode = 200
2018-06-07 02:42:13 INFO  ApacheHttpClient.getTaskTemplateInfo(340) - responseCode = 200
2018-06-07 02:42:13 INFO  ApacheHttpClient.testConnection(187) - responseCode = 200
2018-06-07 02:42:13 INFO  ApacheHttpClient.testConnection(195) - result = true
2018-06-07 02:42:13 INFO  ApacheHttpClient.testConnection(187) - responseCode = 200
2018-06-07 02:42:13 INFO  ApacheHttpClient.testConnection(195) - result = true
2018-06-07 02:42:13 INFO  ApacheHttpClient.getWebResourceAsStream(436) - responseCode = 200
2018-06-07 02:42:37 INFO  ApacheHttpClient.sendEvent(469) - responseCode = 200
2018-06-07 02:43:37 INFO  ApacheHttpClient.sendEvent(469) - responseCode = 200
2018-06-07 02:44:37 INFO  ApacheHttpClient.sendEvent(469) - responseCode = 200
2018-06-07 02:45:37 INFO  ApacheHttpClient.sendEvent(469) - responseCode = 200
2018-06-07 02:46:04 INFO  ApacheHttpClient.getWebResourceAsStream(436) - responseCode = 200
2018-06-07 02:46:04 INFO  ApacheHttpClient.getTask(421) - responseCode = 200
2018-06-07 02:46:04 INFO  ApacheHttpClient.getWebResourceAsStream(436) - responseCode = 200
2018-06-07 02:46:06 INFO  ApacheHttpClient.completed(27) - responseCode = 200
2018-06-07 02:46:06 INFO  ApacheHttpClient.getTask(421) - responseCode = 200
2018-06-07 02:46:14 INFO  ApacheHttpClient.getWebResourceAsStream(436) - responseCode = 200
2018-06-07 02:46:14 INFO  ApacheHttpClient.getFilteredTasks(323) - responseCode = 200
2018-06-07 02:46:16 INFO  ApacheHttpClient.getTaskTemplateInfo(340) - responseCode = 200
2018-06-07 02:46:16 INFO  ApacheHttpClient.testConnection(187) - responseCode = 200
2018-06-07 02:46:16 INFO  ApacheHttpClient.testConnection(195) - result = true
2018-06-07 02:46:16 INFO  ApacheHttpClient.testConnection(187) - responseCode = 200
2018-06-07 02:46:16 INFO  ApacheHttpClient.testConnection(195) - result = true
2018-06-07 02:46:16 INFO  ApacheHttpClient.getWebResourceAsStream(436) - responseCode = 200
2018-06-07 02:46:37 INFO  ApacheHttpClient.sendEvent(469) - responseCode = 200
2018-06-07 02:47:37 INFO  ApacheHttpClient.sendEvent(469) - responseCode = 200
2018-06-07 02:48:37 INFO  ApacheHttpClient.sendEvent(469) - responseCode = 200
2018-06-07 02:49:37 INFO  ApacheHttpClient.sendEvent(469) - responseCode = 200
2018-06-07 02:50:37 INFO  ApacheHttpClient.sendEvent(469) - responseCode = 200
2018-06-07 02:51:37 INFO  ApacheHttpClient.sendEvent(469) - responseCode = 200
2018-06-07 02:51:47 INFO  ApacheHttpClient.getWebResourceAsStream(436) - responseCode = 200
2018-06-07 02:51:47 INFO  ApacheHttpClient.getTask(421) - responseCode = 200
2018-06-07 02:51:48 INFO  ApacheHttpClient.getWebResourceAsStream(436) - responseCode = 200
2018-06-07 02:51:49 INFO  ApacheHttpClient.completed(27) - responseCode = 200
2018-06-07 02:51:49 INFO  ApacheHttpClient.getTask(421) - responseCode = 200
2018-06-07 02:51:57 INFO  ApacheHttpClient.getWebResourceAsStream(436) - responseCode = 200
2018-06-07 02:51:57 INFO  ApacheHttpClient.getFilteredTasks(323) - responseCode = 200
